[debug] [2019-01-29T16:00:55.405Z] ----------------------------------------------------------------------
[debug] [2019-01-29T16:00:55.407Z] Command:       /Users/ishiyam_yuichi/.nodebrew/node/v10.15.0/bin/node /Users/ishiyam_yuichi/.nodebrew/current/bin/firebase deploy
[debug] [2019-01-29T16:00:55.407Z] CLI Version:   6.3.0
[debug] [2019-01-29T16:00:55.407Z] Platform:      darwin
[debug] [2019-01-29T16:00:55.407Z] Node Version:  v10.15.0
[debug] [2019-01-29T16:00:55.408Z] Time:          Wed Jan 30 2019 01:00:55 GMT+0900 (GMT+09:00)
[debug] [2019-01-29T16:00:55.408Z] ----------------------------------------------------------------------
[debug] 
[debug] [2019-01-29T16:00:55.421Z] > command requires scopes: ["email","openid","https://www.googleapis.com/auth/cloudplatformprojects.readonly","https://www.googleapis.com/auth/firebase","https://www.googleapis.com/auth/cloud-platform"]
[debug] [2019-01-29T16:00:55.421Z] > authorizing via signed-in user
[debug] [2019-01-29T16:00:55.421Z] [iam] checking project fromscratch-y for permissions ["firebase.projects.get","firebasehosting.sites.update"]
[debug] [2019-01-29T16:00:55.423Z] > refreshing access token with scopes: ["email","https://www.googleapis.com/auth/cloud-platform","https://www.googleapis.com/auth/cloudplatformprojects.readonly","https://www.googleapis.com/auth/firebase","openid"]
[debug] [2019-01-29T16:00:55.423Z] >>> HTTP REQUEST POST https://www.googleapis.com/oauth2/v3/token  
 <request body omitted>
[debug] [2019-01-29T16:00:55.637Z] <<< HTTP RESPONSE 200
[debug] [2019-01-29T16:00:55.659Z] >>> HTTP REQUEST POST https://cloudresourcemanager.googleapis.com/v1/projects/fromscratch-y:testIamPermissions  

[debug] [2019-01-29T16:00:56.465Z] <<< HTTP RESPONSE 200
[debug] [2019-01-29T16:00:56.467Z] >>> HTTP REQUEST GET https://firebase.googleapis.com/v1beta1/projects/fromscratch-y  
 
[debug] [2019-01-29T16:00:57.199Z] <<< HTTP RESPONSE 200
[info] 
[info] === Deploying to 'fromscratch-y'...
[info] 
[info] i  deploying hosting
[debug] [2019-01-29T16:00:57.204Z] >>> HTTP REQUEST POST https://firebasehosting.googleapis.com/v1beta1/sites/fromscratch-y/versions  

[debug] [2019-01-29T16:00:58.615Z] <<< HTTP RESPONSE 200
[info] i  hosting[fromscratch-y]: beginning deploy...
[info] i  hosting[fromscratch-y]: found 64 files in dist
[debug] [2019-01-29T16:00:58.646Z] [hosting] hash cache [ZGlzdA] load error: lines is not defined
[debug] [2019-01-29T16:00:58.828Z] [hosting] hash cache [ZGlzdA] stored for 64 files
[debug] [2019-01-29T16:00:58.829Z] [hosting][hash queue][FINAL]
[debug] [2019-01-29T16:00:58.829Z] >>> HTTP REQUEST POST https://firebasehosting.googleapis.com/v1beta1/sites/fromscratch-y/versions/c4f8df89c3d0b129:populateFiles  
 <request body omitted>
[debug] [2019-01-29T16:01:00.357Z] <<< HTTP RESPONSE 200
[debug] [2019-01-29T16:01:00.369Z] [hosting][populate queue][FINAL]
[debug] [2019-01-29T16:01:00.369Z] [hosting] uploads queued: 17
[debug] [2019-01-29T16:01:03.627Z] [hosting][upload queue][FINAL]
[info] ✔  hosting[fromscratch-y]: file upload complete
[debug] [2019-01-29T16:01:03.628Z] [hosting] deploy completed after 5011ms
[debug] [2019-01-29T16:01:03.750Z] [
  {
    "config": {
      "public": "dist",
      "ignore": [
        "firebase.json",
        "**/.*",
        "**/node_modules/**"
      ],
      "site": "fromscratch-y"
    },
    "site": "fromscratch-y",
    "version": "sites/fromscratch-y/versions/c4f8df89c3d0b129"
  }
]
[info] i  hosting[fromscratch-y]: finalizing version...
[debug] [2019-01-29T16:01:03.751Z] >>> HTTP REQUEST PATCH https://firebasehosting.googleapis.com/v1beta1/sites/fromscratch-y/versions/c4f8df89c3d0b129?updateMask=status  

[debug] [2019-01-29T16:01:04.862Z] <<< HTTP RESPONSE 200
[debug] [2019-01-29T16:01:04.863Z] [hosting] finalized version for fromscratch-y:
[info] ✔  hosting[fromscratch-y]: version finalized
[info] i  hosting[fromscratch-y]: releasing new version...
[debug] [2019-01-29T16:01:04.863Z] >>> HTTP REQUEST POST https://firebasehosting.googleapis.com/v1beta1/sites/fromscratch-y/releases?version_name=sites/fromscratch-y/versions/c4f8df89c3d0b129  

